<?xml version="1.0" encoding="UTF-8"?>
<testsuite xmlns:xsi="http://www.w3.org/2001/XMLSchema-instance" xsi:noNamespaceSchemaLocation="https://maven.apache.org/surefire/maven-surefire-plugin/xsd/surefire-test-report-3.0.xsd" version="3.0" name="com.example.taskplanner.TaskplannerApplicationTests" time="20.223" tests="1" errors="0" skipped="0" failures="0">
  <properties>
[...]
</properties>
  <testcase name="contextLoads" classname="com.example.taskplanner.TaskplannerApplicationTests" time="1.236">
    <system-out><![CDATA[11:22:04.804 [main] INFO org.springframework.test.context.support.AnnotationConfigContextLoaderUtils -- Could not detect default configuration classes for test class [com.example.taskplanner.TaskplannerApplicationTests]: TaskplannerApplicationTests does not declare any static, non-private, non-final, nested classes annotated with @Configuration.
11:22:05.084 [main] INFO org.springframework.boot.test.context.SpringBootTestContextBootstrapper -- Found @SpringBootConfiguration com.example.taskplanner.TaskplannerApplication for test class com.example.taskplanner.TaskplannerApplicationTests

  .   ____          _            __ _ _
 /\\ / ___'_ __ _ _(_)_ __  __ _ \ \ \ \
( ( )\___ | '_ | '_| | '_ \/ _` | \ \ \ \
 \\/  ___)| |_)| | | | | || (_| |  ) ) ) )
  '  |____| .__|_| |_|_| |_\__, | / / / /
 =========|_|==============|___/=/_/_/_/

 :: Spring Boot ::                (v3.3.4)

2025-10-03T11:22:06.963+05:30  INFO 24256 --- [           main] c.e.t.TaskplannerApplicationTests        : Starting TaskplannerApplicationTests using Java 17.0.12 with PID 24256 (started by ramya in C:\BackEnd Project\taskplanner\taskplanner)
2025-10-03T11:22:06.970+05:30  INFO 24256 --- [           main] c.e.t.TaskplannerApplicationTests        : No active profile set, falling back to 1 default profile: "default"
2025-10-03T11:22:10.144+05:30  INFO 24256 --- [           main] .s.d.r.c.RepositoryConfigurationDelegate : Bootstrapping Spring Data JPA repositories in DEFAULT mode.
2025-10-03T11:22:10.388+05:30  INFO 24256 --- [           main] .s.d.r.c.RepositoryConfigurationDelegate : Finished Spring Data repository scanning in 211 ms. Found 2 JPA repository interfaces.
2025-10-03T11:22:13.377+05:30  INFO 24256 --- [           main] o.hibernate.jpa.internal.util.LogHelper  : HHH000204: Processing PersistenceUnitInfo [name: default]
2025-10-03T11:22:13.763+05:30  INFO 24256 --- [           main] org.hibernate.Version                    : HHH000412: Hibernate ORM core version 6.5.3.Final
2025-10-03T11:22:14.035+05:30  INFO 24256 --- [           main] o.h.c.internal.RegionFactoryInitiator    : HHH000026: Second-level cache disabled
2025-10-03T11:22:15.220+05:30  INFO 24256 --- [           main] o.s.o.j.p.SpringPersistenceUnitInfo      : No LoadTimeWeaver setup: ignoring JPA class transformer
2025-10-03T11:22:15.319+05:30  INFO 24256 --- [           main] com.zaxxer.hikari.HikariDataSource       : HikariPool-1 - Starting...
2025-10-03T11:22:16.761+05:30  INFO 24256 --- [           main] com.zaxxer.hikari.pool.HikariPool        : HikariPool-1 - Added connection com.mysql.cj.jdbc.ConnectionImpl@58e02359
2025-10-03T11:22:16.765+05:30  INFO 24256 --- [           main] com.zaxxer.hikari.HikariDataSource       : HikariPool-1 - Start completed.
2025-10-03T11:22:19.342+05:30  INFO 24256 --- [           main] o.h.e.t.j.p.i.JtaPlatformInitiator       : HHH000489: No JTA platform available (set 'hibernate.transaction.jta.platform' to enable JTA platform integration)
2025-10-03T11:22:19.609+05:30  INFO 24256 --- [           main] j.LocalContainerEntityManagerFactoryBean : Initialized JPA EntityManagerFactory for persistence unit 'default'
2025-10-03T11:22:21.493+05:30  WARN 24256 --- [           main] JpaBaseConfiguration$JpaWebConfiguration : spring.jpa.open-in-view is enabled by default. Therefore, database queries may be performed during view rendering. Explicitly configure spring.jpa.open-in-view to disable this warning
2025-10-03T11:22:22.701+05:30  INFO 24256 --- [           main] c.e.t.TaskplannerApplicationTests        : Started TaskplannerApplicationTests in 16.852 seconds (process running for 20.217)
]]></system-out>
  </testcase>
</testsuite>